<?xml version="1.0" encoding="UTF-8"?>
<testsuite xmlns:xsi="http://www.w3.org/2001/XMLSchema-instance" xsi:schemaLocation="https://maven.apache.org/surefire/maven-surefire-plugin/xsd/surefire-test-report.xsd" name="ues.edu.sv.tpi135_ingenieria.mantenimiento.LectorTest" time="0.308" tests="5" errors="0" skipped="0" failures="1">
  <properties>
    <property name="java.runtime.name" value="Java(TM) SE Runtime Environment"/>
    <property name="sun.boot.library.path" value="/usr/lib/jvm/jdk1.8.0_162/jre/lib/amd64"/>
    <property name="java.vm.version" value="25.162-b12"/>
    <property name="java.vm.vendor" value="Oracle Corporation"/>
    <property name="java.vendor.url" value="http://java.oracle.com/"/>
    <property name="path.separator" value=":"/>
    <property name="guice.disable.misplaced.annotation.check" value="true"/>
    <property name="java.vm.name" value="Java HotSpot(TM) 64-Bit Server VM"/>
    <property name="file.encoding.pkg" value="sun.io"/>
    <property name="user.country" value="SV"/>
    <property name="sun.java.launcher" value="SUN_STANDARD"/>
    <property name="sun.os.patch.level" value="unknown"/>
    <property name="test" value="ues.edu.sv.tpi135_ingenieria.mantenimiento.LectorTest"/>
    <property name="java.vm.specification.name" value="Java Virtual Machine Specification"/>
    <property name="user.dir" value="/home/esperanza/NetBeansProjects/mantenimiento/TPI2018/mantenimiento"/>
    <property name="java.runtime.version" value="1.8.0_162-b12"/>
    <property name="java.awt.graphicsenv" value="sun.awt.X11GraphicsEnvironment"/>
    <property name="java.endorsed.dirs" value="/usr/lib/jvm/jdk1.8.0_162/jre/lib/endorsed"/>
    <property name="os.arch" value="amd64"/>
    <property name="java.io.tmpdir" value="/tmp"/>
    <property name="line.separator" value="&#10;"/>
    <property name="java.vm.specification.vendor" value="Oracle Corporation"/>
    <property name="os.name" value="Linux"/>
    <property name="maven.ext.class.path" value="/home/esperanza/netbeans-8.2/java/maven-nblib/netbeans-eventspy.jar"/>
    <property name="classworlds.conf" value="/home/esperanza/netbeans-8.2/java/maven/bin/m2.conf"/>
    <property name="sun.jnu.encoding" value="UTF-8"/>
    <property name="java.library.path" value="/usr/lib/jvm/jdk1.8.0_162/jre/lib/amd64:/usr/lib/jvm/jdk1.8.0_162/jre/lib/i386::/usr/java/packages/lib/amd64:/usr/lib64:/lib64:/lib:/usr/lib"/>
    <property name="java.specification.name" value="Java Platform API Specification"/>
    <property name="java.class.version" value="52.0"/>
    <property name="sun.management.compiler" value="HotSpot 64-Bit Tiered Compilers"/>
    <property name="os.version" value="4.13.0-1-amd64"/>
    <property name="user.home" value="/home/esperanza"/>
    <property name="user.timezone" value="America/El_Salvador"/>
    <property name="java.awt.printerjob" value="sun.print.PSPrinterJob"/>
    <property name="java.specification.version" value="1.8"/>
    <property name="file.encoding" value="UTF-8"/>
    <property name="user.name" value="esperanza"/>
    <property name="java.class.path" value="/home/esperanza/netbeans-8.2/java/maven/boot/plexus-classworlds-2.4.jar"/>
    <property name="java.vm.specification.version" value="1.8"/>
    <property name="sun.arch.data.model" value="64"/>
    <property name="java.home" value="/usr/lib/jvm/jdk1.8.0_162/jre"/>
    <property name="sun.java.command" value="org.codehaus.plexus.classworlds.launcher.Launcher -Dtest=ues.edu.sv.tpi135_ingenieria.mantenimiento.LectorTest -Dmaven.ext.class.path=/home/esperanza/netbeans-8.2/java/maven-nblib/netbeans-eventspy.jar surefire:test"/>
    <property name="java.specification.vendor" value="Oracle Corporation"/>
    <property name="user.language" value="es"/>
    <property name="awt.toolkit" value="sun.awt.X11.XToolkit"/>
    <property name="java.vm.info" value="mixed mode"/>
    <property name="java.version" value="1.8.0_162"/>
    <property name="java.ext.dirs" value="/usr/lib/jvm/jdk1.8.0_162/jre/lib/ext:/usr/java/packages/lib/ext"/>
    <property name="securerandom.source" value="file:/dev/./urandom"/>
    <property name="sun.boot.class.path" value="/usr/lib/jvm/jdk1.8.0_162/jre/lib/resources.jar:/usr/lib/jvm/jdk1.8.0_162/jre/lib/rt.jar:/usr/lib/jvm/jdk1.8.0_162/jre/lib/sunrsasign.jar:/usr/lib/jvm/jdk1.8.0_162/jre/lib/jsse.jar:/usr/lib/jvm/jdk1.8.0_162/jre/lib/jce.jar:/usr/lib/jvm/jdk1.8.0_162/jre/lib/charsets.jar:/usr/lib/jvm/jdk1.8.0_162/jre/lib/jfr.jar:/usr/lib/jvm/jdk1.8.0_162/jre/classes"/>
    <property name="java.vendor" value="Oracle Corporation"/>
    <property name="maven.home" value="/home/esperanza/netbeans-8.2/java/maven"/>
    <property name="file.separator" value="/"/>
    <property name="java.vendor.url.bug" value="http://bugreport.sun.com/bugreport/"/>
    <property name="sun.cpu.endian" value="little"/>
    <property name="sun.io.unicode.encoding" value="UnicodeLittle"/>
    <property name="sun.cpu.isalist" value=""/>
  </properties>
  <testcase name="testSeparador" classname="ues.edu.sv.tpi135_ingenieria.mantenimiento.LectorTest" time="0.02"/>
  <testcase name="crearArchivosTemp" classname="ues.edu.sv.tpi135_ingenieria.mantenimiento.LectorTest" time="0.001"/>
  <testcase name="testVerificarPath" classname="ues.edu.sv.tpi135_ingenieria.mantenimiento.LectorTest" time="0.005"/>
  <testcase name="testLeerArchivo" classname="ues.edu.sv.tpi135_ingenieria.mantenimiento.LectorTest" time="0.003"/>
  <testcase name="testObtenerArchivos" classname="ues.edu.sv.tpi135_ingenieria.mantenimiento.LectorTest" time="0.159">
    <failure message="expected:&lt;[src/recursos/texto_prueba.csv, src/recursos/texto.csv]&gt; but was:&lt;[/home/kevin/NetBeansProjects/TPI2018/mantenimiento/src/recursos/texto_prueba.csv, /home/kevin/NetBeansProjects/TPI2018/mantenimiento/src/recursos/texto.csv]&gt;" type="java.lang.AssertionError"><![CDATA[java.lang.AssertionError: expected:<[src/recursos/texto_prueba.csv, src/recursos/texto.csv]> but was:<[/home/kevin/NetBeansProjects/TPI2018/mantenimiento/src/recursos/texto_prueba.csv, /home/kevin/NetBeansProjects/TPI2018/mantenimiento/src/recursos/texto.csv]>
	at ues.edu.sv.tpi135_ingenieria.mantenimiento.LectorTest.testObtenerArchivos(LectorTest.java:116)
]]></failure>
    <system-out><![CDATA[obtenerArchivos
]]></system-out>
  </testcase>
</testsuite>
